<?xml version="1.0" encoding="UTF-8" standalone="yes"?><!DOCTYPE report PUBLIC "-//JACOCO//DTD Report 1.1//EN" "report.dtd"><report name="api-personarx"><sessioninfo id="junior-ae84d049" start="1750381579986" dump="1750381591117"/><sessioninfo id="junior-69d18809" start="1750381581049" dump="1750381591348"/><package name="com/mateo/rest/dto/response"><class name="com/mateo/rest/dto/response/BodyResponse" sourcefilename="BodyResponse.java"/><class name="com/mateo/rest/dto/response/ComprobanteResponse" sourcefilename="ComprobanteResponse.java"/><sourcefile name="BodyResponse.java"/><sourcefile name="ComprobanteResponse.java"/></package><package name="com/mateo/rest/util"><class name="com/mateo/rest/util/Constantes" sourcefilename="Constantes.java"><method name="&lt;clinit&gt;" desc="()V" line="7"><counter type="INSTRUCTION" missed="4" covered="0"/><counter type="LINE" missed="1" covered="0"/><counter type="COMPLEXITY" missed="1" covered="0"/><counter type="METHOD" missed="1" covered="0"/></method><counter type="INSTRUCTION" missed="4" covered="0"/><counter type="LINE" missed="1" covered="0"/><counter type="COMPLEXITY" missed="1" covered="0"/><counter type="METHOD" missed="1" covered="0"/><counter type="CLASS" missed="1" covered="0"/></class><sourcefile name="Constantes.java"><line nr="7" mi="4" ci="0" mb="0" cb="0"/><counter type="INSTRUCTION" missed="4" covered="0"/><counter type="LINE" missed="1" covered="0"/><counter type="COMPLEXITY" missed="1" covered="0"/><counter type="METHOD" missed="1" covered="0"/><counter type="CLASS" missed="1" covered="0"/></sourcefile><counter type="INSTRUCTION" missed="4" covered="0"/><counter type="LINE" missed="1" covered="0"/><counter type="COMPLEXITY" missed="1" covered="0"/><counter type="METHOD" missed="1" covered="0"/><counter type="CLASS" missed="1" covered="0"/></package><package name="com/mateo/rest/entity"><class name="com/mateo/rest/entity/Cliente$ClienteBuilder" sourcefilename="Cliente.java"/><class name="com/mateo/rest/entity/ComprobantePago" sourcefilename="ComprobantePago.java"/><class name="com/mateo/rest/entity/Cliente" sourcefilename="Cliente.java"/><class name="com/mateo/rest/entity/ComprobantePago$ComprobantePagoBuilder" sourcefilename="ComprobantePago.java"/><class name="com/mateo/rest/entity/DetalleVenta$DetalleVentaBuilder" sourcefilename="DetalleVenta.java"/><class name="com/mateo/rest/entity/DetalleVenta" sourcefilename="DetalleVenta.java"/><class name="com/mateo/rest/entity/Producto$ProductoBuilder" sourcefilename="Producto.java"/><class name="com/mateo/rest/entity/Producto" sourcefilename="Producto.java"/><class name="com/mateo/rest/entity/Author" sourcefilename="Author.java"/><class name="com/mateo/rest/entity/Author$AuthorBuilder" sourcefilename="Author.java"/><sourcefile name="Author.java"/><sourcefile name="Cliente.java"/><sourcefile name="ComprobantePago.java"/><sourcefile name="Producto.java"/><sourcefile name="DetalleVenta.java"/></package><package name="com/mateo/rest/dto"><class name="com/mateo/rest/dto/DetalleVentaDTO" sourcefilename="DetalleVentaDTO.java"/><class name="com/mateo/rest/dto/ClienteDTO" sourcefilename="ClienteDTO.java"/><class name="com/mateo/rest/dto/ProductoDTO" sourcefilename="ProductoDTO.java"/><class name="com/mateo/rest/dto/ComprobantePagoDTO" sourcefilename="ComprobantePagoDTO.java"/><sourcefile name="DetalleVentaDTO.java"/><sourcefile name="ProductoDTO.java"/><sourcefile name="ClienteDTO.java"/><sourcefile name="ComprobantePagoDTO.java"/></package><package name="com/mateo/rest/service"><class name="com/mateo/rest/service/ComprobanteRXService" sourcefilename="ComprobanteRXService.java"/><class name="com/mateo/rest/service/ComprobanteRXServiceImp" sourcefilename="ComprobanteRXServiceImp.java"><method name="&lt;init&gt;" desc="(Lcom/mateo/rest/repository/ComprobantePagoRX2Repository;)V" line="30"><counter type="INSTRUCTION" missed="0" covered="6"/><counter type="LINE" missed="0" covered="3"/><counter type="COMPLEXITY" missed="0" covered="1"/><counter type="METHOD" missed="0" covered="1"/></method><method name="addVenta" desc="(Lcom/mateo/rest/dto/ComprobantePagoDTO;)Lio/reactivex/rxjava3/core/Single;" line="36"><counter type="INSTRUCTION" missed="7" covered="0"/><counter type="LINE" missed="1" covered="0"/><counter type="COMPLEXITY" missed="1" covered="0"/><counter type="METHOD" missed="1" covered="0"/></method><method name="getAll" desc="()Lio/reactivex/rxjava3/core/Flowable;" line="41"><counter type="INSTRUCTION" missed="4" covered="0"/><counter type="LINE" missed="1" covered="0"/><counter type="COMPLEXITY" missed="1" covered="0"/><counter type="METHOD" missed="1" covered="0"/></method><method name="comprobanteReqToEntity" desc="(Lcom/mateo/rest/dto/ComprobantePagoDTO;)Lcom/mateo/rest/entity/ComprobantePago;" line="45"><counter type="INSTRUCTION" missed="34" covered="0"/><counter type="LINE" missed="12" covered="0"/><counter type="COMPLEXITY" missed="1" covered="0"/><counter type="METHOD" missed="1" covered="0"/></method><method name="getAllFilterMap" desc="(Ljava/lang/String;Ljava/lang/String;Ljava/lang/String;DLjava/lang/Integer;)Lio/reactivex/rxjava3/core/Flowable;" line="74"><counter type="INSTRUCTION" missed="23" covered="0"/><counter type="LINE" missed="5" covered="0"/><counter type="COMPLEXITY" missed="1" covered="0"/><counter type="METHOD" missed="1" covered="0"/></method><method name="getAllFilterM" desc="(Ljava/lang/String;Ljava/lang/String;Ljava/lang/String;DLjava/lang/Integer;)Lio/reactivex/rxjava3/core/Flowable;" line="87"><counter type="INSTRUCTION" missed="13" covered="0"/><counter type="LINE" missed="5" covered="0"/><counter type="COMPLEXITY" missed="1" covered="0"/><counter type="METHOD" missed="1" covered="0"/></method><method name="getAlf" desc="(Ljava/lang/String;Ljava/lang/String;Ljava/lang/String;DLjava/lang/Integer;)Lio/reactivex/rxjava3/core/Flowable;" line="101"><counter type="INSTRUCTION" missed="11" covered="0"/><counter type="LINE" missed="4" covered="0"/><counter type="COMPLEXITY" missed="1" covered="0"/><counter type="METHOD" missed="1" covered="0"/></method><method name="getAllFilter" desc="(Ljava/lang/String;Ljava/lang/String;Ljava/lang/String;DLjava/lang/Integer;)Lio/reactivex/rxjava3/core/Single;" line="113"><counter type="INSTRUCTION" missed="37" covered="0"/><counter type="BRANCH" missed="2" covered="0"/><counter type="LINE" missed="10" covered="0"/><counter type="COMPLEXITY" missed="2" covered="0"/><counter type="METHOD" missed="1" covered="0"/></method><method name="comprobanteReqToEntityFilter" desc="(Ljava/util/List;)Ljava/util/List;" line="141"><counter type="INSTRUCTION" missed="9" covered="0"/><counter type="LINE" missed="5" covered="0"/><counter type="COMPLEXITY" missed="1" covered="0"/><counter type="METHOD" missed="1" covered="0"/></method><method name="procesarDetalleList" desc="(Ljava/util/List;)Ljava/util/List;" line="161"><counter type="INSTRUCTION" missed="6" covered="0"/><counter type="LINE" missed="4" covered="0"/><counter type="COMPLEXITY" missed="1" covered="0"/><counter type="METHOD" missed="1" covered="0"/></method><method name="lambda$procesarDetalleList$15" desc="(Lcom/mateo/rest/entity/DetalleVenta;)Lcom/mateo/rest/dto/DetalleVentaDTO;" line="164"><counter type="INSTRUCTION" missed="29" covered="0"/><counter type="LINE" missed="8" covered="0"/><counter type="COMPLEXITY" missed="1" covered="0"/><counter type="METHOD" missed="1" covered="0"/></method><method name="lambda$comprobanteReqToEntityFilter$14" desc="(Lcom/mateo/rest/entity/ComprobantePago;)Lcom/mateo/rest/dto/ComprobantePagoDTO;" line="145"><counter type="INSTRUCTION" missed="31" covered="0"/><counter type="LINE" missed="8" covered="0"/><counter type="COMPLEXITY" missed="1" covered="0"/><counter type="METHOD" missed="1" covered="0"/></method><method name="lambda$comprobanteReqToEntityFilter$13" desc="(Lcom/mateo/rest/entity/ComprobantePago;)Z" line="143"><counter type="INSTRUCTION" missed="12" covered="0"/><counter type="BRANCH" missed="4" covered="0"/><counter type="LINE" missed="1" covered="0"/><counter type="COMPLEXITY" missed="3" covered="0"/><counter type="METHOD" missed="1" covered="0"/></method><method name="lambda$getAllFilter$12" desc="(Lcom/mateo/rest/dto/response/BodyResponse;Lio/reactivex/rxjava3/core/Flowable;Lio/reactivex/rxjava3/core/SingleEmitter;)V" line="133"><counter type="INSTRUCTION" missed="19" covered="0"/><counter type="LINE" missed="5" covered="0"/><counter type="COMPLEXITY" missed="1" covered="0"/><counter type="METHOD" missed="1" covered="0"/></method><method name="lambda$getAllFilter$11" desc="(Lcom/mateo/rest/dto/response/BodyResponse;Lio/reactivex/rxjava3/core/SingleEmitter;)V" line="123"><counter type="INSTRUCTION" missed="11" covered="0"/><counter type="LINE" missed="4" covered="0"/><counter type="COMPLEXITY" missed="1" covered="0"/><counter type="METHOD" missed="1" covered="0"/></method><method name="lambda$getAlf$10" desc="(Lcom/mateo/rest/entity/ComprobantePago;)Lorg/reactivestreams/Publisher;" line="105"><counter type="INSTRUCTION" missed="7" covered="0"/><counter type="LINE" missed="2" covered="0"/><counter type="COMPLEXITY" missed="1" covered="0"/><counter type="METHOD" missed="1" covered="0"/></method><method name="lambda$getAlf$9" desc="(Ljava/lang/String;Lcom/mateo/rest/entity/ComprobantePago;)Z" line="103"><counter type="INSTRUCTION" missed="6" covered="0"/><counter type="LINE" missed="1" covered="0"/><counter type="COMPLEXITY" missed="1" covered="0"/><counter type="METHOD" missed="1" covered="0"/></method><method name="lambda$getAlf$8" desc="(Lcom/mateo/rest/entity/ComprobantePago;)Z" line="102"><counter type="INSTRUCTION" missed="12" covered="0"/><counter type="BRANCH" missed="4" covered="0"/><counter type="LINE" missed="1" covered="0"/><counter type="COMPLEXITY" missed="3" covered="0"/><counter type="METHOD" missed="1" covered="0"/></method><method name="lambda$getAllFilterM$7" desc="(Ljava/util/List;)V" line="95"><counter type="INSTRUCTION" missed="7" covered="0"/><counter type="LINE" missed="2" covered="0"/><counter type="COMPLEXITY" missed="1" covered="0"/><counter type="METHOD" missed="1" covered="0"/></method><method name="lambda$getAllFilterM$6" desc="(Lcom/mateo/rest/entity/ComprobantePago;)Lorg/reactivestreams/Publisher;" line="91"><counter type="INSTRUCTION" missed="7" covered="0"/><counter type="LINE" missed="2" covered="0"/><counter type="COMPLEXITY" missed="1" covered="0"/><counter type="METHOD" missed="1" covered="0"/></method><method name="lambda$getAllFilterM$5" desc="(Ljava/lang/String;Lcom/mateo/rest/entity/ComprobantePago;)Z" line="89"><counter type="INSTRUCTION" missed="6" covered="0"/><counter type="LINE" missed="1" covered="0"/><counter type="COMPLEXITY" missed="1" covered="0"/><counter type="METHOD" missed="1" covered="0"/></method><method name="lambda$getAllFilterM$4" desc="(Lcom/mateo/rest/entity/ComprobantePago;)Z" line="88"><counter type="INSTRUCTION" missed="12" covered="0"/><counter type="BRANCH" missed="4" covered="0"/><counter type="LINE" missed="1" covered="0"/><counter type="COMPLEXITY" missed="3" covered="0"/><counter type="METHOD" missed="1" covered="0"/></method><method name="lambda$getAllFilterMap$3" desc="(Ljava/lang/Throwable;)Lcom/mateo/rest/entity/ComprobantePago;" line="79"><counter type="INSTRUCTION" missed="9" covered="0"/><counter type="LINE" missed="2" covered="0"/><counter type="COMPLEXITY" missed="1" covered="0"/><counter type="METHOD" missed="1" covered="0"/></method><method name="lambda$getAllFilterMap$2" desc="(Ljava/lang/String;Lcom/mateo/rest/entity/ComprobantePago;)Z" line="77"><counter type="INSTRUCTION" missed="6" covered="0"/><counter type="LINE" missed="1" covered="0"/><counter type="COMPLEXITY" missed="1" covered="0"/><counter type="METHOD" missed="1" covered="0"/></method><method name="lambda$getAllFilterMap$1" desc="(Lcom/mateo/rest/entity/ComprobantePago;)Z" line="76"><counter type="INSTRUCTION" missed="12" covered="0"/><counter type="BRANCH" missed="4" covered="0"/><counter type="LINE" missed="1" covered="0"/><counter type="COMPLEXITY" missed="3" covered="0"/><counter type="METHOD" missed="1" covered="0"/></method><method name="lambda$comprobanteReqToEntity$0" desc="(Lcom/mateo/rest/dto/DetalleVentaDTO;)Lcom/mateo/rest/entity/DetalleVenta;" line="56"><counter type="INSTRUCTION" missed="29" covered="0"/><counter type="LINE" missed="8" covered="0"/><counter type="COMPLEXITY" missed="1" covered="0"/><counter type="METHOD" missed="1" covered="0"/></method><counter type="INSTRUCTION" missed="359" covered="6"/><counter type="BRANCH" missed="18" covered="0"/><counter type="LINE" missed="88" covered="3"/><counter type="COMPLEXITY" missed="34" covered="1"/><counter type="METHOD" missed="25" covered="1"/><counter type="CLASS" missed="0" covered="1"/></class><sourcefile name="ComprobanteRXServiceImp.java"><line nr="30" mi="0" ci="2" mb="0" cb="0"/><line nr="31" mi="0" ci="3" mb="0" cb="0"/><line nr="32" mi="0" ci="1" mb="0" cb="0"/><line nr="36" mi="7" ci="0" mb="0" cb="0"/><line nr="41" mi="4" ci="0" mb="0" cb="0"/><line nr="45" mi="4" ci="0" mb="0" cb="0"/><line nr="46" mi="3" ci="0" mb="0" cb="0"/><line nr="47" mi="4" ci="0" mb="0" cb="0"/><line nr="49" mi="4" ci="0" mb="0" cb="0"/><line nr="50" mi="4" ci="0" mb="0" cb="0"/><line nr="51" mi="3" ci="0" mb="0" cb="0"/><line nr="53" mi="2" ci="0" mb="0" cb="0"/><line nr="54" mi="2" ci="0" mb="0" cb="0"/><line nr="55" mi="1" ci="0" mb="0" cb="0"/><line nr="56" mi="4" ci="0" mb="0" cb="0"/><line nr="57" mi="4" ci="0" mb="0" cb="0"/><line nr="59" mi="4" ci="0" mb="0" cb="0"/><line nr="60" mi="4" ci="0" mb="0" cb="0"/><line nr="61" mi="4" ci="0" mb="0" cb="0"/><line nr="62" mi="4" ci="0" mb="0" cb="0"/><line nr="63" mi="3" ci="0" mb="0" cb="0"/><line nr="64" mi="2" ci="0" mb="0" cb="0"/><line nr="66" mi="2" ci="0" mb="0" cb="0"/><line nr="67" mi="3" ci="0" mb="0" cb="0"/><line nr="68" mi="2" ci="0" mb="0" cb="0"/><line nr="74" mi="12" ci="0" mb="0" cb="0"/><line nr="75" mi="5" ci="0" mb="0" cb="0"/><line nr="76" mi="15" ci="0" mb="4" cb="0"/><line nr="77" mi="8" ci="0" mb="0" cb="0"/><line nr="78" mi="1" ci="0" mb="0" cb="0"/><line nr="79" mi="5" ci="0" mb="0" cb="0"/><line nr="80" mi="4" ci="0" mb="0" cb="0"/><line nr="87" mi="5" ci="0" mb="0" cb="0"/><line nr="88" mi="15" ci="0" mb="4" cb="0"/><line nr="89" mi="8" ci="0" mb="0" cb="0"/><line nr="90" mi="2" ci="0" mb="0" cb="0"/><line nr="91" mi="3" ci="0" mb="0" cb="0"/><line nr="92" mi="4" ci="0" mb="0" cb="0"/><line nr="94" mi="1" ci="0" mb="0" cb="0"/><line nr="95" mi="6" ci="0" mb="0" cb="0"/><line nr="96" mi="1" ci="0" mb="0" cb="0"/><line nr="101" mi="5" ci="0" mb="0" cb="0"/><line nr="102" mi="15" ci="0" mb="4" cb="0"/><line nr="103" mi="8" ci="0" mb="0" cb="0"/><line nr="104" mi="1" ci="0" mb="0" cb="0"/><line nr="105" mi="3" ci="0" mb="0" cb="0"/><line nr="106" mi="4" ci="0" mb="0" cb="0"/><line nr="113" mi="5" ci="0" mb="0" cb="0"/><line nr="115" mi="4" ci="0" mb="0" cb="0"/><line nr="116" mi="3" ci="0" mb="0" cb="0"/><line nr="118" mi="3" ci="0" mb="2" cb="0"/><line nr="119" mi="3" ci="0" mb="0" cb="0"/><line nr="120" mi="3" ci="0" mb="0" cb="0"/><line nr="122" mi="4" ci="0" mb="0" cb="0"/><line nr="123" mi="4" ci="0" mb="0" cb="0"/><line nr="124" mi="3" ci="0" mb="0" cb="0"/><line nr="125" mi="3" ci="0" mb="0" cb="0"/><line nr="126" mi="1" ci="0" mb="0" cb="0"/><line nr="129" mi="3" ci="0" mb="0" cb="0"/><line nr="130" mi="3" ci="0" mb="0" cb="0"/><line nr="132" mi="6" ci="0" mb="0" cb="0"/><line nr="133" mi="4" ci="0" mb="0" cb="0"/><line nr="134" mi="3" ci="0" mb="0" cb="0"/><line nr="135" mi="8" ci="0" mb="0" cb="0"/><line nr="136" mi="3" ci="0" mb="0" cb="0"/><line nr="137" mi="1" ci="0" mb="0" cb="0"/><line nr="141" mi="2" ci="0" mb="0" cb="0"/><line nr="142" mi="2" ci="0" mb="0" cb="0"/><line nr="143" mi="15" ci="0" mb="4" cb="0"/><line nr="144" mi="1" ci="0" mb="0" cb="0"/><line nr="145" mi="4" ci="0" mb="0" cb="0"/><line nr="146" mi="4" ci="0" mb="0" cb="0"/><line nr="147" mi="4" ci="0" mb="0" cb="0"/><line nr="149" mi="4" ci="0" mb="0" cb="0"/><line nr="150" mi="4" ci="0" mb="0" cb="0"/><line nr="151" mi="3" ci="0" mb="0" cb="0"/><line nr="152" mi="6" ci="0" mb="0" cb="0"/><line nr="154" mi="2" ci="0" mb="0" cb="0"/><line nr="156" mi="1" ci="0" mb="0" cb="0"/><line nr="161" mi="2" ci="0" mb="0" cb="0"/><line nr="162" mi="2" ci="0" mb="0" cb="0"/><line nr="163" mi="1" ci="0" mb="0" cb="0"/><line nr="164" mi="4" ci="0" mb="0" cb="0"/><line nr="165" mi="4" ci="0" mb="0" cb="0"/><line nr="166" mi="4" ci="0" mb="0" cb="0"/><line nr="167" mi="4" ci="0" mb="0" cb="0"/><line nr="169" mi="4" ci="0" mb="0" cb="0"/><line nr="170" mi="4" ci="0" mb="0" cb="0"/><line nr="171" mi="3" ci="0" mb="0" cb="0"/><line nr="172" mi="2" ci="0" mb="0" cb="0"/><line nr="175" mi="1" ci="0" mb="0" cb="0"/><counter type="INSTRUCTION" missed="359" covered="6"/><counter type="BRANCH" missed="18" covered="0"/><counter type="LINE" missed="88" covered="3"/><counter type="COMPLEXITY" missed="34" covered="1"/><counter type="METHOD" missed="25" covered="1"/><counter type="CLASS" missed="0" covered="1"/></sourcefile><sourcefile name="ComprobanteRXService.java"/><counter type="INSTRUCTION" missed="359" covered="6"/><counter type="BRANCH" missed="18" covered="0"/><counter type="LINE" missed="88" covered="3"/><counter type="COMPLEXITY" missed="34" covered="1"/><counter type="METHOD" missed="25" covered="1"/><counter type="CLASS" missed="0" covered="1"/></package><package name="com/mateo/rest"><class name="com/mateo/rest/ApiPersonarxApplication" sourcefilename="ApiPersonarxApplication.java"><method name="&lt;init&gt;" desc="()V" line="7"><counter type="INSTRUCTION" missed="0" covered="3"/><counter type="LINE" missed="0" covered="1"/><counter type="COMPLEXITY" missed="0" covered="1"/><counter type="METHOD" missed="0" covered="1"/></method><method name="main" desc="([Ljava/lang/String;)V" line="10"><counter type="INSTRUCTION" missed="5" covered="0"/><counter type="LINE" missed="2" covered="0"/><counter type="COMPLEXITY" missed="1" covered="0"/><counter type="METHOD" missed="1" covered="0"/></method><counter type="INSTRUCTION" missed="5" covered="3"/><counter type="LINE" missed="2" covered="1"/><counter type="COMPLEXITY" missed="1" covered="1"/><counter type="METHOD" missed="1" covered="1"/><counter type="CLASS" missed="0" covered="1"/></class><sourcefile name="ApiPersonarxApplication.java"><line nr="7" mi="0" ci="3" mb="0" cb="0"/><line nr="10" mi="4" ci="0" mb="0" cb="0"/><line nr="11" mi="1" ci="0" mb="0" cb="0"/><counter type="INSTRUCTION" missed="5" covered="3"/><counter type="LINE" missed="2" covered="1"/><counter type="COMPLEXITY" missed="1" covered="1"/><counter type="METHOD" missed="1" covered="1"/><counter type="CLASS" missed="0" covered="1"/></sourcefile><counter type="INSTRUCTION" missed="5" covered="3"/><counter type="LINE" missed="2" covered="1"/><counter type="COMPLEXITY" missed="1" covered="1"/><counter type="METHOD" missed="1" covered="1"/><counter type="CLASS" missed="0" covered="1"/></package><package name="com/mateo/rest/repository"><class name="com/mateo/rest/repository/ComprobantePagoRX2Repository" sourcefilename="ComprobantePagoRX2Repository.java"/><sourcefile name="ComprobantePagoRX2Repository.java"/></package><package name="com/mateo/rest/presentacion"><class name="com/mateo/rest/presentacion/ComprobanteRXController" sourcefilename="ComprobanteRXController.java"><method name="&lt;init&gt;" desc="(Lcom/mateo/rest/service/ComprobanteRXService;)V" line="26"><counter type="INSTRUCTION" missed="0" covered="6"/><counter type="LINE" missed="0" covered="3"/><counter type="COMPLEXITY" missed="0" covered="1"/><counter type="METHOD" missed="0" covered="1"/></method><method name="addComprobante" desc="(Lcom/mateo/rest/dto/ComprobantePagoDTO;)Lio/reactivex/rxjava3/core/Single;" line="36"><counter type="INSTRUCTION" missed="5" covered="0"/><counter type="LINE" missed="1" covered="0"/><counter type="COMPLEXITY" missed="1" covered="0"/><counter type="METHOD" missed="1" covered="0"/></method><method name="getAllComprobante" desc="(Ljava/lang/String;)Lio/reactivex/rxjava3/core/Flowable;" line="55"><counter type="INSTRUCTION" missed="4" covered="0"/><counter type="LINE" missed="1" covered="0"/><counter type="COMPLEXITY" missed="1" covered="0"/><counter type="METHOD" missed="1" covered="0"/></method><method name="getAllComprobante" desc="(Ljava/lang/String;DLjava/lang/String;Ljava/lang/String;Ljava/lang/Integer;)Lio/reactivex/rxjava3/core/Single;" line="68"><counter type="INSTRUCTION" missed="13" covered="0"/><counter type="LINE" missed="3" covered="0"/><counter type="COMPLEXITY" missed="1" covered="0"/><counter type="METHOD" missed="1" covered="0"/></method><method name="getAllComprobanteMap" desc="(Ljava/lang/String;DLjava/lang/String;Ljava/lang/String;Ljava/lang/Integer;)Lio/reactivex/rxjava3/core/Flowable;" line="83"><counter type="INSTRUCTION" missed="9" covered="0"/><counter type="LINE" missed="1" covered="0"/><counter type="COMPLEXITY" missed="1" covered="0"/><counter type="METHOD" missed="1" covered="0"/></method><method name="lambda$getAllComprobante$0" desc="(Lcom/mateo/rest/dto/response/ComprobanteResponse;)Lorg/springframework/http/ResponseEntity;" line="70"><counter type="INSTRUCTION" missed="3" covered="0"/><counter type="LINE" missed="1" covered="0"/><counter type="COMPLEXITY" missed="1" covered="0"/><counter type="METHOD" missed="1" covered="0"/></method><counter type="INSTRUCTION" missed="34" covered="6"/><counter type="LINE" missed="6" covered="3"/><counter type="COMPLEXITY" missed="5" covered="1"/><counter type="METHOD" missed="5" covered="1"/><counter type="CLASS" missed="0" covered="1"/></class><sourcefile name="ComprobanteRXController.java"><line nr="26" mi="0" ci="2" mb="0" cb="0"/><line nr="27" mi="0" ci="3" mb="0" cb="0"/><line nr="28" mi="0" ci="1" mb="0" cb="0"/><line nr="36" mi="5" ci="0" mb="0" cb="0"/><line nr="55" mi="4" ci="0" mb="0" cb="0"/><line nr="68" mi="9" ci="0" mb="0" cb="0"/><line nr="69" mi="3" ci="0" mb="0" cb="0"/><line nr="70" mi="4" ci="0" mb="0" cb="0"/><line nr="83" mi="9" ci="0" mb="0" cb="0"/><counter type="INSTRUCTION" missed="34" covered="6"/><counter type="LINE" missed="6" covered="3"/><counter type="COMPLEXITY" missed="5" covered="1"/><counter type="METHOD" missed="5" covered="1"/><counter type="CLASS" missed="0" covered="1"/></sourcefile><counter type="INSTRUCTION" missed="34" covered="6"/><counter type="LINE" missed="6" covered="3"/><counter type="COMPLEXITY" missed="5" covered="1"/><counter type="METHOD" missed="5" covered="1"/><counter type="CLASS" missed="0" covered="1"/></package><counter type="INSTRUCTION" missed="402" covered="15"/><counter type="BRANCH" missed="18" covered="0"/><counter type="LINE" missed="97" covered="7"/><counter type="COMPLEXITY" missed="41" covered="3"/><counter type="METHOD" missed="32" covered="3"/><counter type="CLASS" missed="1" covered="3"/></report>